<?xml version="1.0" encoding="UTF-8"?>

<!-- <beans xmlns="http://www.springframework.org/schema/beans" -->
<!-- 	xmlns:xsi="http://www.w3.org/2001/XMLSchema-instance" -->
<!--     xmlns:jdbc="http://www.springframework.org/schema/jdbc" -->
<!--     xsi:schemaLocation="http://www.springframework.org/schema/beans http://www.springframework.org/schema/beans/spring-beans-3.0.xsd -->
<!--     http://www.springframework.org/schema/jdbc http://www.springframework.org/schema/jdbc/spring-jdbc-3.0.xsd"> -->

<!-- 	<bean id="entityManagerFactory" class="org.springframework.orm.jpa.LocalContainerEntityManagerFactoryBean"> -->
<!-- 		<property name="jpaVendorAdapter"> -->
<!-- 			<bean class="org.springframework.orm.jpa.vendor.HibernateJpaVendorAdapter"/> -->
<!-- 		</property> -->
<!-- 		<property name="persistenceXmlLocation" value="classpath*:META-INF/test-persistence.xml"/> -->
<!-- 		<property name="dataSource" ref="dataSource"/> -->
<!-- 	</bean> -->
	
<!-- 	<bean id="sharedEntityManager" class="org.springframework.orm.jpa.support.SharedEntityManagerBean"> -->
<!-- 	   <property name="entityManagerFactory" ref="entityManagerFactory"/> -->
<!-- 	</bean> -->

<!--     <bean id="transactionManager" class="org.springframework.orm.jpa.JpaTransactionManager"> -->
<!--         <property name="entityManagerFactory" ref="entityManagerFactory"/> -->
<!--     </bean> -->

<!-- 	<jdbc:embedded-database id="dataSource" type="H2"/> -->

<!-- </beans> -->

<beans xmlns="http://www.springframework.org/schema/beans"
         xmlns:xsi="http://www.w3.org/2001/XMLSchema-instance"
       	 xmlns:jee="http://www.springframework.org/schema/jee"
       	 xmlns:tx="http://www.springframework.org/schema/tx"
         xsi:schemaLocation="http://www.springframework.org/schema/beans
           http://www.springframework.org/schema/beans/spring-beans-3.0.xsd
           http://www.springframework.org/schema/tx
		   http://www.springframework.org/schema/tx/spring-tx.xsd
		   http://www.springframework.org/schema/jee 
		   http://www.springframework.org/schema/jee/spring-jee.xsd">

	<!-- JDNI name for EntityManagerFactory is defined in src/main/resources/META-INF/persistence.xml -->
    <jee:jndi-lookup jndi-name="java:jboss/myEntityManagerFactory" id="entityManagerFactory"
                     expected-type="javax.persistence.EntityManagerFactory" />

	<bean id="entityManager" class="org.springframework.orm.jpa.support.SharedEntityManagerBean">
   		<property name="entityManagerFactory" ref="entityManagerFactory"/>
	</bean>
                     
	<jee:jndi-lookup jndi-name="java:jboss/datasources/SecondMarketDS" id="dataSource" expected-type="javax.sql.DataSource"/>

    <tx:jta-transaction-manager />

	
</beans>